<?xml version="1.0" encoding="UTF-8"?>
<!-- Generated by org.testng.reporters.JUnitReportReporter -->
<testsuite skipped="0" hostname="DESKTOP-89OTHQ5" name="com.tests.LoginTest" tests="2" failures="0" timestamp="27 Mar 2021 05:39:49 GMT" time="22.154" errors="0">
  <testcase name="loginTestCase" time="18.859" classname="com.tests.LoginTest"/>
  <testcase name="registerTest" time="3.295" classname="com.tests.LoginTest"/>
</testsuite> <!-- com.tests.LoginTest -->
